2024-10-30 16:57:58,421 ERROR: Exception on /reset_password_request [POST] [in /home/obeezy/Desktop/PythonProjects/microblog/venv/lib/python3.8/site-packages/flask/app.py:838]
Traceback (most recent call last):
  File "/home/obeezy/Desktop/PythonProjects/microblog/venv/lib/python3.8/site-packages/flask/app.py", line 1473, in wsgi_app
    response = self.full_dispatch_request()
  File "/home/obeezy/Desktop/PythonProjects/microblog/venv/lib/python3.8/site-packages/flask/app.py", line 882, in full_dispatch_request
    rv = self.handle_user_exception(e)
  File "/home/obeezy/Desktop/PythonProjects/microblog/venv/lib/python3.8/site-packages/flask/app.py", line 880, in full_dispatch_request
    rv = self.dispatch_request()
  File "/home/obeezy/Desktop/PythonProjects/microblog/venv/lib/python3.8/site-packages/flask/app.py", line 865, in dispatch_request
    return self.ensure_sync(self.view_functions[rule.endpoint])(**view_args)  # type: ignore[no-any-return]
  File "/home/obeezy/Desktop/PythonProjects/microblog/app/routes.py", line 173, in reset_password_request
    send_password_reset_email(user)
  File "/home/obeezy/Desktop/PythonProjects/microblog/app/email.py", line 18, in send_password_reset_email
    text_body=render_template('email/reset_password.txt',
  File "/home/obeezy/Desktop/PythonProjects/microblog/venv/lib/python3.8/site-packages/flask/templating.py", line 149, in render_template
    template = app.jinja_env.get_or_select_template(template_name_or_list)
  File "/home/obeezy/Desktop/PythonProjects/microblog/venv/lib/python3.8/site-packages/jinja2/environment.py", line 1084, in get_or_select_template
    return self.get_template(template_name_or_list, parent, globals)
  File "/home/obeezy/Desktop/PythonProjects/microblog/venv/lib/python3.8/site-packages/jinja2/environment.py", line 1013, in get_template
    return self._load_template(name, globals)
  File "/home/obeezy/Desktop/PythonProjects/microblog/venv/lib/python3.8/site-packages/jinja2/environment.py", line 972, in _load_template
    template = self.loader.load(self, name, self.make_globals(globals))
  File "/home/obeezy/Desktop/PythonProjects/microblog/venv/lib/python3.8/site-packages/jinja2/loaders.py", line 126, in load
    source, filename, uptodate = self.get_source(environment, name)
  File "/home/obeezy/Desktop/PythonProjects/microblog/venv/lib/python3.8/site-packages/flask/templating.py", line 65, in get_source
    return self._get_source_fast(environment, template)
  File "/home/obeezy/Desktop/PythonProjects/microblog/venv/lib/python3.8/site-packages/flask/templating.py", line 99, in _get_source_fast
    raise TemplateNotFound(template)
jinja2.exceptions.TemplateNotFound: email/reset_password.txt
2024-10-30 16:58:27,517 INFO: Microblog startup [in /home/obeezy/Desktop/PythonProjects/microblog/app/__init__.py:46]
2024-10-30 16:58:34,701 ERROR: Exception on /reset_password_request [POST] [in /home/obeezy/Desktop/PythonProjects/microblog/venv/lib/python3.8/site-packages/flask/app.py:838]
Traceback (most recent call last):
  File "/home/obeezy/Desktop/PythonProjects/microblog/venv/lib/python3.8/site-packages/flask/app.py", line 1473, in wsgi_app
    response = self.full_dispatch_request()
  File "/home/obeezy/Desktop/PythonProjects/microblog/venv/lib/python3.8/site-packages/flask/app.py", line 882, in full_dispatch_request
    rv = self.handle_user_exception(e)
  File "/home/obeezy/Desktop/PythonProjects/microblog/venv/lib/python3.8/site-packages/flask/app.py", line 880, in full_dispatch_request
    rv = self.dispatch_request()
  File "/home/obeezy/Desktop/PythonProjects/microblog/venv/lib/python3.8/site-packages/flask/app.py", line 865, in dispatch_request
    return self.ensure_sync(self.view_functions[rule.endpoint])(**view_args)  # type: ignore[no-any-return]
  File "/home/obeezy/Desktop/PythonProjects/microblog/app/routes.py", line 173, in reset_password_request
    send_password_reset_email(user)
  File "/home/obeezy/Desktop/PythonProjects/microblog/app/email.py", line 18, in send_password_reset_email
    text_body=render_template('email/reset_password.txt',
  File "/home/obeezy/Desktop/PythonProjects/microblog/venv/lib/python3.8/site-packages/flask/templating.py", line 149, in render_template
    template = app.jinja_env.get_or_select_template(template_name_or_list)
  File "/home/obeezy/Desktop/PythonProjects/microblog/venv/lib/python3.8/site-packages/jinja2/environment.py", line 1084, in get_or_select_template
    return self.get_template(template_name_or_list, parent, globals)
  File "/home/obeezy/Desktop/PythonProjects/microblog/venv/lib/python3.8/site-packages/jinja2/environment.py", line 1013, in get_template
    return self._load_template(name, globals)
  File "/home/obeezy/Desktop/PythonProjects/microblog/venv/lib/python3.8/site-packages/jinja2/environment.py", line 972, in _load_template
    template = self.loader.load(self, name, self.make_globals(globals))
  File "/home/obeezy/Desktop/PythonProjects/microblog/venv/lib/python3.8/site-packages/jinja2/loaders.py", line 126, in load
    source, filename, uptodate = self.get_source(environment, name)
  File "/home/obeezy/Desktop/PythonProjects/microblog/venv/lib/python3.8/site-packages/flask/templating.py", line 65, in get_source
    return self._get_source_fast(environment, template)
  File "/home/obeezy/Desktop/PythonProjects/microblog/venv/lib/python3.8/site-packages/flask/templating.py", line 99, in _get_source_fast
    raise TemplateNotFound(template)
jinja2.exceptions.TemplateNotFound: email/reset_password.txt
2024-10-30 17:01:43,393 INFO: Microblog startup [in /home/obeezy/Desktop/PythonProjects/microblog/app/__init__.py:46]
2024-10-30 17:01:51,436 ERROR: Exception on /reset_password_request [POST] [in /home/obeezy/Desktop/PythonProjects/microblog/venv/lib/python3.8/site-packages/flask/app.py:838]
Traceback (most recent call last):
  File "/home/obeezy/Desktop/PythonProjects/microblog/venv/lib/python3.8/site-packages/flask/app.py", line 1473, in wsgi_app
    response = self.full_dispatch_request()
  File "/home/obeezy/Desktop/PythonProjects/microblog/venv/lib/python3.8/site-packages/flask/app.py", line 882, in full_dispatch_request
    rv = self.handle_user_exception(e)
  File "/home/obeezy/Desktop/PythonProjects/microblog/venv/lib/python3.8/site-packages/flask/app.py", line 880, in full_dispatch_request
    rv = self.dispatch_request()
  File "/home/obeezy/Desktop/PythonProjects/microblog/venv/lib/python3.8/site-packages/flask/app.py", line 865, in dispatch_request
    return self.ensure_sync(self.view_functions[rule.endpoint])(**view_args)  # type: ignore[no-any-return]
  File "/home/obeezy/Desktop/PythonProjects/microblog/app/routes.py", line 173, in reset_password_request
    send_password_reset_email(user)
  File "/home/obeezy/Desktop/PythonProjects/microblog/app/email.py", line 18, in send_password_reset_email
    text_body=render_template('email/reset_password.txt',
  File "/home/obeezy/Desktop/PythonProjects/microblog/venv/lib/python3.8/site-packages/flask/templating.py", line 149, in render_template
    template = app.jinja_env.get_or_select_template(template_name_or_list)
  File "/home/obeezy/Desktop/PythonProjects/microblog/venv/lib/python3.8/site-packages/jinja2/environment.py", line 1084, in get_or_select_template
    return self.get_template(template_name_or_list, parent, globals)
  File "/home/obeezy/Desktop/PythonProjects/microblog/venv/lib/python3.8/site-packages/jinja2/environment.py", line 1013, in get_template
    return self._load_template(name, globals)
  File "/home/obeezy/Desktop/PythonProjects/microblog/venv/lib/python3.8/site-packages/jinja2/environment.py", line 972, in _load_template
    template = self.loader.load(self, name, self.make_globals(globals))
  File "/home/obeezy/Desktop/PythonProjects/microblog/venv/lib/python3.8/site-packages/jinja2/loaders.py", line 126, in load
    source, filename, uptodate = self.get_source(environment, name)
  File "/home/obeezy/Desktop/PythonProjects/microblog/venv/lib/python3.8/site-packages/flask/templating.py", line 65, in get_source
    return self._get_source_fast(environment, template)
  File "/home/obeezy/Desktop/PythonProjects/microblog/venv/lib/python3.8/site-packages/flask/templating.py", line 99, in _get_source_fast
    raise TemplateNotFound(template)
jinja2.exceptions.TemplateNotFound: email/reset_password.txt
2024-10-30 17:09:21,862 INFO: Microblog startup [in /home/obeezy/Desktop/PythonProjects/microblog/app/__init__.py:46]
